0 info it worked if it ends with ok
1 verbose cli [ '/usr/bin/node', '/usr/bin/npm', 'run', 'webpack_watch' ]
2 info using npm@3.5.2
3 info using node@v8.10.0
4 verbose run-script [ 'prewebpack_watch', 'webpack_watch', 'postwebpack_watch' ]
5 info lifecycle nuga@0.0.1~prewebpack_watch: nuga@0.0.1
6 silly lifecycle nuga@0.0.1~prewebpack_watch: no script for prewebpack_watch, continuing
7 info lifecycle nuga@0.0.1~webpack_watch: nuga@0.0.1
8 verbose lifecycle nuga@0.0.1~webpack_watch: unsafe-perm in lifecycle true
9 verbose lifecycle nuga@0.0.1~webpack_watch: PATH: /usr/share/npm/bin/node-gyp-bin:/home/levabala/projects/Nuga/node_modules/.bin:/usr/share/npm/bin/node-gyp-bin:/home/levabala/projects/Nuga/node_modules/.bin:/home/levabala/.local/bin:/usr/local/sbin:/usr/local/bin:/usr/sbin:/usr/bin:/sbin:/bin:/usr/games:/usr/local/games:/snap/bin
10 verbose lifecycle nuga@0.0.1~webpack_watch: CWD: /home/levabala/projects/Nuga
11 silly lifecycle nuga@0.0.1~webpack_watch: Args: [ '-c', 'webpack --watch' ]
12 silly lifecycle nuga@0.0.1~webpack_watch: Returned: code: 1  signal: null
13 info lifecycle nuga@0.0.1~webpack_watch: Failed to exec webpack_watch script
14 verbose stack Error: nuga@0.0.1 webpack_watch: `webpack --watch`
14 verbose stack Exit status 1
14 verbose stack     at EventEmitter.<anonymous> (/usr/share/npm/lib/utils/lifecycle.js:232:16)
14 verbose stack     at emitTwo (events.js:126:13)
14 verbose stack     at EventEmitter.emit (events.js:214:7)
14 verbose stack     at ChildProcess.<anonymous> (/usr/share/npm/lib/utils/spawn.js:24:14)
14 verbose stack     at emitTwo (events.js:126:13)
14 verbose stack     at ChildProcess.emit (events.js:214:7)
14 verbose stack     at maybeClose (internal/child_process.js:925:16)
14 verbose stack     at Process.ChildProcess._handle.onexit (internal/child_process.js:209:5)
15 verbose pkgid nuga@0.0.1
16 verbose cwd /home/levabala/projects/Nuga
17 error Linux 4.15.0-39-generic
18 error argv "/usr/bin/node" "/usr/bin/npm" "run" "webpack_watch"
19 error node v8.10.0
20 error npm  v3.5.2
21 error code ELIFECYCLE
22 error nuga@0.0.1 webpack_watch: `webpack --watch`
22 error Exit status 1
23 error Failed at the nuga@0.0.1 webpack_watch script 'webpack --watch'.
23 error Make sure you have the latest version of node.js and npm installed.
23 error If you do, this is most likely a problem with the nuga package,
23 error not with npm itself.
23 error Tell the author that this fails on your system:
23 error     webpack --watch
23 error You can get information on how to open an issue for this project with:
23 error     npm bugs nuga
23 error Or if that isn't available, you can get their info via:
23 error     npm owner ls nuga
23 error There is likely additional logging output above.
24 verbose exit [ 1, true ]
